<?xml version="1.0" encoding="UTF-8"?>
<!-- Generated by org.testng.reporters.JUnitReportReporter -->
<testsuite skipped="0" hostname="JSOALAN00291" name="testCases.Login" tests="1" failures="0" timestamp="14 Nov 2023 19:47:22 GMT" time="5.029" errors="0">
  <testcase name="loginValid" time="5.029" classname="testCases.Login"/>
</testsuite> <!-- testCases.Login -->
